<?xml version="1.0" encoding="UTF-8"?>
<testsuite xmlns:xsi="http://www.w3.org/2001/XMLSchema-instance" xsi:noNamespaceSchemaLocation="https://maven.apache.org/surefire/maven-surefire-plugin/xsd/surefire-test-report.xsd" name="ar.edu.unlp.info.oo2.Ejercicio1_RedSocial.TestTwitter" time="0.055" tests="13" errors="0" skipped="0" failures="0">
  <properties>
    <property name="java.specification.version" value="21"/>
    <property name="sun.jnu.encoding" value="UTF-8"/>
    <property name="java.class.path" value="/home/thiagolaurence/Ejercicios en Java - Eclipse/Ejercicio1-RedSocial/target/test-classes:/home/thiagolaurence/Ejercicios en Java - Eclipse/Ejercicio1-RedSocial/target/classes:/home/thiagolaurence/.m2/repository/org/junit/jupiter/junit-jupiter-engine/5.7.2/junit-jupiter-engine-5.7.2.jar:/home/thiagolaurence/.m2/repository/org/apiguardian/apiguardian-api/1.1.0/apiguardian-api-1.1.0.jar:/home/thiagolaurence/.m2/repository/org/junit/platform/junit-platform-engine/1.7.2/junit-platform-engine-1.7.2.jar:/home/thiagolaurence/.m2/repository/org/opentest4j/opentest4j/1.2.0/opentest4j-1.2.0.jar:/home/thiagolaurence/.m2/repository/org/junit/platform/junit-platform-commons/1.7.2/junit-platform-commons-1.7.2.jar:/home/thiagolaurence/.m2/repository/org/junit/jupiter/junit-jupiter-api/5.7.2/junit-jupiter-api-5.7.2.jar:"/>
    <property name="java.vm.vendor" value="Red Hat, Inc."/>
    <property name="sun.arch.data.model" value="64"/>
    <property name="java.vendor.url" value="https://www.redhat.com/"/>
    <property name="os.name" value="Linux"/>
    <property name="java.vm.specification.version" value="21"/>
    <property name="sun.java.launcher" value="SUN_STANDARD"/>
    <property name="user.country" value="US"/>
    <property name="sun.boot.library.path" value="/usr/lib/jvm/java-21-openjdk/lib"/>
    <property name="sun.java.command" value="/home/thiagolaurence/Ejercicios en Java - Eclipse/Ejercicio1-RedSocial/target/surefire/surefirebooter12388887495416781576.jar /home/thiagolaurence/Ejercicios en Java - Eclipse/Ejercicio1-RedSocial/target/surefire 2025-04-24T09-15-21_130-jvmRun1 surefire11769232427312892168tmp surefire_03449658929648873929tmp"/>
    <property name="jdk.debug" value="release"/>
    <property name="surefire.test.class.path" value="/home/thiagolaurence/Ejercicios en Java - Eclipse/Ejercicio1-RedSocial/target/test-classes:/home/thiagolaurence/Ejercicios en Java - Eclipse/Ejercicio1-RedSocial/target/classes:/home/thiagolaurence/.m2/repository/org/junit/jupiter/junit-jupiter-engine/5.7.2/junit-jupiter-engine-5.7.2.jar:/home/thiagolaurence/.m2/repository/org/apiguardian/apiguardian-api/1.1.0/apiguardian-api-1.1.0.jar:/home/thiagolaurence/.m2/repository/org/junit/platform/junit-platform-engine/1.7.2/junit-platform-engine-1.7.2.jar:/home/thiagolaurence/.m2/repository/org/opentest4j/opentest4j/1.2.0/opentest4j-1.2.0.jar:/home/thiagolaurence/.m2/repository/org/junit/platform/junit-platform-commons/1.7.2/junit-platform-commons-1.7.2.jar:/home/thiagolaurence/.m2/repository/org/junit/jupiter/junit-jupiter-api/5.7.2/junit-jupiter-api-5.7.2.jar:"/>
    <property name="sun.cpu.endian" value="little"/>
    <property name="user.home" value="/home/thiagolaurence"/>
    <property name="user.language" value="en"/>
    <property name="java.specification.vendor" value="Oracle Corporation"/>
    <property name="java.version.date" value="2025-04-15"/>
    <property name="java.home" value="/usr/lib/jvm/java-21-openjdk"/>
    <property name="file.separator" value="/"/>
    <property name="basedir" value="/home/thiagolaurence/Ejercicios en Java - Eclipse/Ejercicio1-RedSocial"/>
    <property name="java.vm.compressedOopsMode" value="Zero based"/>
    <property name="line.separator" value="&#10;"/>
    <property name="java.specification.name" value="Java Platform API Specification"/>
    <property name="java.vm.specification.vendor" value="Oracle Corporation"/>
    <property name="surefire.real.class.path" value="/home/thiagolaurence/Ejercicios en Java - Eclipse/Ejercicio1-RedSocial/target/surefire/surefirebooter12388887495416781576.jar"/>
    <property name="sun.management.compiler" value="HotSpot 64-Bit Tiered Compilers"/>
    <property name="java.runtime.version" value="21.0.7+6"/>
    <property name="user.name" value="thiagolaurence"/>
    <property name="stdout.encoding" value="UTF-8"/>
    <property name="path.separator" value=":"/>
    <property name="os.version" value="6.14.2-300.fc42.x86_64"/>
    <property name="java.runtime.name" value="OpenJDK Runtime Environment"/>
    <property name="file.encoding" value="UTF-8"/>
    <property name="java.vm.name" value="OpenJDK 64-Bit Server VM"/>
    <property name="java.vendor.version" value="(Red_Hat-21.0.7.0.6-1)"/>
    <property name="localRepository" value="/home/thiagolaurence/.m2/repository"/>
    <property name="java.vendor.url.bug" value="https://bugzilla.redhat.com/enter_bug.cgi?product=Fedora&amp;component=java-21-openjdk&amp;version=40"/>
    <property name="java.io.tmpdir" value="/tmp"/>
    <property name="java.version" value="21.0.7"/>
    <property name="user.dir" value="/home/thiagolaurence/Ejercicios en Java - Eclipse/Ejercicio1-RedSocial"/>
    <property name="os.arch" value="amd64"/>
    <property name="java.vm.specification.name" value="Java Virtual Machine Specification"/>
    <property name="native.encoding" value="UTF-8"/>
    <property name="java.library.path" value="/usr/java/packages/lib:/usr/lib64:/lib64:/lib:/usr/lib"/>
    <property name="java.vm.info" value="mixed mode, sharing"/>
    <property name="stderr.encoding" value="UTF-8"/>
    <property name="java.vendor" value="Red Hat, Inc."/>
    <property name="java.vm.version" value="21.0.7+6"/>
    <property name="sun.io.unicode.encoding" value="UnicodeLittle"/>
    <property name="java.class.version" value="65.0"/>
  </properties>
  <testcase name="testUsuarioEliminaTweet" classname="ar.edu.unlp.info.oo2.Ejercicio1_RedSocial.TestTwitter" time="0.025"/>
  <testcase name="testUsuarioPublicaTweet" classname="ar.edu.unlp.info.oo2.Ejercicio1_RedSocial.TestTwitter" time="0.003"/>
  <testcase name="testTweetTextoMinimoYMaximo" classname="ar.edu.unlp.info.oo2.Ejercicio1_RedSocial.TestTwitter" time="0.001"/>
  <testcase name="testAltaYBajaUsuario" classname="ar.edu.unlp.info.oo2.Ejercicio1_RedSocial.TestTwitter" time="0.002"/>
  <testcase name="testEliminarTweetDesdeTwitter" classname="ar.edu.unlp.info.oo2.Ejercicio1_RedSocial.TestTwitter" time="0.001"/>
  <testcase name="testTweetConTextoValido" classname="ar.edu.unlp.info.oo2.Ejercicio1_RedSocial.TestTwitter" time="0.001"/>
  <testcase name="testUsuarioReTwittea" classname="ar.edu.unlp.info.oo2.Ejercicio1_RedSocial.TestTwitter" time="0"/>
  <testcase name="testTweetInvalidoLanzaExcepcion" classname="ar.edu.unlp.info.oo2.Ejercicio1_RedSocial.TestTwitter" time="0.002"/>
  <testcase name="testTweetsSeEliminanAlBorrarUsuario" classname="ar.edu.unlp.info.oo2.Ejercicio1_RedSocial.TestTwitter" time="0.001"/>
  <testcase name="testReTweetConOrigen" classname="ar.edu.unlp.info.oo2.Ejercicio1_RedSocial.TestTwitter" time="0.001"/>
  <testcase name="testReTweetDesdeTwitter" classname="ar.edu.unlp.info.oo2.Ejercicio1_RedSocial.TestTwitter" time="0"/>
  <testcase name="testPublicarYLeerTweet" classname="ar.edu.unlp.info.oo2.Ejercicio1_RedSocial.TestTwitter" time="0"/>
  <testcase name="testNoPermiteUsuariosDuplicados" classname="ar.edu.unlp.info.oo2.Ejercicio1_RedSocial.TestTwitter" time="0.001"/>
</testsuite>